begin at: December 18, 2006: 17:37:23
done
begin at: December 18, 2006: 18:37:23
done
begin at: December 18, 2006: 19:37:23
done
begin at: December 18, 2006: 20:37:23
done
begin at: December 18, 2006: 21:37:23
done
begin at: December 18, 2006: 22:37:23
done
begin at: December 18, 2006: 23:37:23
done
begin at: December 19, 2006: 00:37:23
done
begin at: December 19, 2006: 01:37:23
done
begin at: December 19, 2006: 02:37:23
done
begin at: December 19, 2006: 03:37:23
done
begin at: December 19, 2006: 04:37:23
done
begin at: December 19, 2006: 05:37:23
done
begin at: December 19, 2006: 06:37:23
done
begin at: December 19, 2006: 07:37:23
done
begin at: July 17, 2007: 10:37:54
done
begin at: July 24, 2007: 11:30:40
done
begin at: July 24, 2007: 18:01:46
done
begin at: July 24, 2007: 19:01:46
done
begin at: July 24, 2007: 20:01:46
done
begin at: July 24, 2007: 21:01:46
done
begin at: July 24, 2007: 22:01:46
done
begin at: July 24, 2007: 23:01:46
done
begin at: July 25, 2007: 00:01:46
done
begin at: July 25, 2007: 01:01:46
done
begin at: July 25, 2007: 02:01:46
done
begin at: July 25, 2007: 03:01:46
done
begin at: July 25, 2007: 04:01:46
done
begin at: July 25, 2007: 05:01:46
done
begin at: July 25, 2007: 06:01:46
done
begin at: July 25, 2007: 07:01:46
done
begin at: July 25, 2007: 11:26:40
done
begin at: July 31, 2007: 12:10:55
done
begin at: July 31, 2007: 13:10:55
done
begin at: August 01, 2007: 11:41:42
done
begin at: August 01, 2007: 12:41:42
done
begin at: August 01, 2007: 13:41:42
done
begin at: August 01, 2007: 14:41:42
done
begin at: August 01, 2007: 15:41:42
done
begin at: August 01, 2007: 16:41:42
done
begin at: August 01, 2007: 17:41:42
done
begin at: August 01, 2007: 18:41:42
done
begin at: August 01, 2007: 19:41:42
done
begin at: August 01, 2007: 20:41:42
done
begin at: August 01, 2007: 21:41:42
done
begin at: August 01, 2007: 22:41:42
done
begin at: August 01, 2007: 23:41:42
done
begin at: August 02, 2007: 00:41:42
done
begin at: August 02, 2007: 01:41:42
done
begin at: August 02, 2007: 02:41:42
done
begin at: August 02, 2007: 03:41:42
done
begin at: August 02, 2007: 04:41:42
done
begin at: August 02, 2007: 05:41:42
done
begin at: August 02, 2007: 06:41:42
done
begin at: August 02, 2007: 07:41:42
done
begin at: August 02, 2007: 17:22:56
done
begin at: August 02, 2007: 18:22:56
done
begin at: August 02, 2007: 19:22:56
done
begin at: August 02, 2007: 20:22:56
done
begin at: August 02, 2007: 21:22:56
done
begin at: August 02, 2007: 22:22:56
done
begin at: August 02, 2007: 23:22:56
done
begin at: August 03, 2007: 00:22:56
done
begin at: August 03, 2007: 01:22:56
done
begin at: August 03, 2007: 02:22:56
done
begin at: August 03, 2007: 03:22:56
done
begin at: August 03, 2007: 04:22:56
done
begin at: August 03, 2007: 05:22:56
done
begin at: August 03, 2007: 06:22:56
done
begin at: August 03, 2007: 07:22:56
done
begin at: August 03, 2007: 08:22:56
done
begin at: August 03, 2007: 09:22:56
done
begin at: August 03, 2007: 10:22:55
done
begin at: August 03, 2007: 11:22:55
done
begin at: August 03, 2007: 12:22:55
done
begin at: August 03, 2007: 13:22:55
done
begin at: August 03, 2007: 14:22:55
done
begin at: August 03, 2007: 15:22:55
done
begin at: August 03, 2007: 16:22:55
done
begin at: August 03, 2007: 17:22:55
done
begin at: August 03, 2007: 18:22:55
done
begin at: August 03, 2007: 19:22:55
done
begin at: August 03, 2007: 20:22:55
done
begin at: August 03, 2007: 21:22:55
done
begin at: August 03, 2007: 22:22:55
done
begin at: August 03, 2007: 23:22:55
done
begin at: August 04, 2007: 00:22:55
done
begin at: August 04, 2007: 01:22:55
done
begin at: August 04, 2007: 02:22:55
done
begin at: August 04, 2007: 03:22:55
done
begin at: August 04, 2007: 04:22:55
done
begin at: August 04, 2007: 05:22:55
done
begin at: August 04, 2007: 06:22:55
done
begin at: August 04, 2007: 07:22:54
done
begin at: August 04, 2007: 08:22:55
done
begin at: August 04, 2007: 09:22:55
done
begin at: August 04, 2007: 10:22:55
done
begin at: August 04, 2007: 11:22:55
done
begin at: August 04, 2007: 12:22:55
done
begin at: August 04, 2007: 13:22:55
done
begin at: August 04, 2007: 14:22:55
done
begin at: August 04, 2007: 15:22:55
done
begin at: August 04, 2007: 16:22:55
done
begin at: August 04, 2007: 17:22:55
done
begin at: August 04, 2007: 18:22:55
done
begin at: August 04, 2007: 19:22:55
done
begin at: August 04, 2007: 20:22:55
done
begin at: August 04, 2007: 21:22:55
done
begin at: August 04, 2007: 22:22:55
done
begin at: August 04, 2007: 23:22:55
done
begin at: August 05, 2007: 00:22:55
done
begin at: August 05, 2007: 01:22:55
done
begin at: August 05, 2007: 02:22:55
done
begin at: August 05, 2007: 03:22:55
done
begin at: August 05, 2007: 04:22:55
done
begin at: August 05, 2007: 05:22:55
done
begin at: August 05, 2007: 06:22:55
done
begin at: August 05, 2007: 07:22:55
done
begin at: August 05, 2007: 08:22:55
done
begin at: August 05, 2007: 09:22:55
done
begin at: August 05, 2007: 10:22:55
done
begin at: August 05, 2007: 11:22:55
done
begin at: August 05, 2007: 12:22:55
done
begin at: August 05, 2007: 13:22:55
done
begin at: August 05, 2007: 14:22:55
done
begin at: August 05, 2007: 15:22:55
done
begin at: August 05, 2007: 16:22:55
done
begin at: August 05, 2007: 17:22:55
done
begin at: August 05, 2007: 18:22:55
done
begin at: August 05, 2007: 19:22:55
done
begin at: August 05, 2007: 20:22:55
done
begin at: August 05, 2007: 21:22:55
done
begin at: August 05, 2007: 22:22:55
done
begin at: August 05, 2007: 23:22:55
done
begin at: August 06, 2007: 00:22:55
done
begin at: August 06, 2007: 01:22:55
done
begin at: August 06, 2007: 02:22:55
done
begin at: August 06, 2007: 03:22:55
done
begin at: August 06, 2007: 04:22:55
done
begin at: August 06, 2007: 05:22:55
done
begin at: August 06, 2007: 06:22:55
done
begin at: August 06, 2007: 07:22:55
done
begin at: August 06, 2007: 08:22:55
done
begin at: August 06, 2007: 09:22:55
done
begin at: August 06, 2007: 10:22:55
done
begin at: August 06, 2007: 11:22:55
done
begin at: January 10, 2008: 17:52:46
done
begin at: January 10, 2008: 18:52:46
done
begin at: January 10, 2008: 19:52:46
done
begin at: January 10, 2008: 20:52:46
done
begin at: January 10, 2008: 21:52:46
done
begin at: January 10, 2008: 22:52:46
done
begin at: January 10, 2008: 23:52:46
done
begin at: January 11, 2008: 00:52:46
done
begin at: January 11, 2008: 01:52:46
done
begin at: January 11, 2008: 02:52:47
done
begin at: January 11, 2008: 03:52:47
done
begin at: January 11, 2008: 04:52:47
done
begin at: January 11, 2008: 05:52:46
done
begin at: January 11, 2008: 06:52:46
done
begin at: January 11, 2008: 07:52:46
done
begin at: January 11, 2008: 08:52:46
done
begin at: January 11, 2008: 09:52:46
done
